<?xml version="1.0" encoding="UTF-8"?>
<!-- Generated by org.testng.reporters.JUnitXMLReporter -->
<testsuite ignored="4" hostname="DESKTOP-13RM4VM" failures="0" tests="1" name="Default test" time="2.601" errors="0" timestamp="2022-10-22T14:19:50 PDT">
  <testcase classname="com.examAPI.tests.EndToEnd.EndToEndTestcases" name="getDataID2_TC05" time="1.797"/>
  <testcase classname="com.examAPI.tests.EndToEnd.EndToEndTestcases" name="delete_TC03" time="0.0">
    <ignored/>
  </testcase> <!-- delete_TC03 -->
  <testcase classname="com.examAPI.tests.EndToEnd.EndToEndTestcases" name="create_TC02" time="0.0">
    <ignored/>
  </testcase> <!-- create_TC02 -->
  <testcase classname="com.examAPI.tests.EndToEnd.EndToEndTestcases" name="deleteID0_TC04" time="0.0">
    <ignored/>
  </testcase> <!-- deleteID0_TC04 -->
  <testcase classname="com.examAPI.tests.EndToEnd.EndToEndTestcases" name="getData_TC01" time="0.0">
    <ignored/>
  </testcase> <!-- getData_TC01 -->
</testsuite> <!-- Default test -->
