<?xml version="1.0" encoding="UTF-8"?>
<testng-results ignored="4" total="5" passed="1" failed="0" skipped="0">
  <reporter-output>
  </reporter-output>
  <suite started-at="2022-10-22T14:19:47 PDT" name="Default suite" finished-at="2022-10-22T14:19:50 PDT" duration-ms="2601">
    <groups>
    </groups>
    <test started-at="2022-10-22T14:19:47 PDT" name="Default test" finished-at="2022-10-22T14:19:50 PDT" duration-ms="2601">
      <class name="com.examAPI.tests.EndToEnd.EndToEndTestcases">
        <test-method is-config="true" signature="setUp()[pri:0, instance:com.examAPI.tests.EndToEnd.EndToEndTestcases@dd8ba08]" started-at="2022-10-22T14:19:48 PDT" name="setUp" finished-at="2022-10-22T14:19:48 PDT" duration-ms="759" status="PASS">
          <reporter-output>
          </reporter-output>
        </test-method> <!-- setUp -->
        <test-method signature="getDataID2_TC05()[pri:5, instance:com.examAPI.tests.EndToEnd.EndToEndTestcases@dd8ba08]" started-at="2022-10-22T14:19:48 PDT" name="getDataID2_TC05" finished-at="2022-10-22T14:19:50 PDT" duration-ms="1797" status="PASS">
          <reporter-output>
          </reporter-output>
        </test-method> <!-- getDataID2_TC05 -->
      </class> <!-- com.examAPI.tests.EndToEnd.EndToEndTestcases -->
    </test> <!-- Default test -->
  </suite> <!-- Default suite -->
</testng-results>
